[2025-10-02 08:02:00] error: QR lib not loaded (install chillerlan/php-qrcode)
[2025-10-02 08:02:00] import: LRN=127677240001, qrPath=NULL
[2025-10-02 08:02:00] error: QR lib not loaded (install chillerlan/php-qrcode)
[2025-10-02 08:02:00] import: LRN=127677240002, qrPath=NULL
[2025-10-02 08:02:00] error: QR lib not loaded (install chillerlan/php-qrcode)
[2025-10-02 08:02:00] import: LRN=127677240004, qrPath=NULL
[2025-10-02 08:02:00] error: QR lib not loaded (install chillerlan/php-qrcode)
[2025-10-02 08:02:00] import: LRN=127677240003, qrPath=NULL
[2025-10-02 08:02:00] error: QR lib not loaded (install chillerlan/php-qrcode)
[2025-10-02 08:02:00] import: LRN=127677240026, qrPath=NULL
[2025-10-02 08:02:00] error: QR lib not loaded (install chillerlan/php-qrcode)
[2025-10-02 08:02:00] import: LRN=126642240080, qrPath=NULL
[2025-10-02 08:02:00] error: QR lib not loaded (install chillerlan/php-qrcode)
[2025-10-02 08:02:00] import: LRN=127677240011, qrPath=NULL
[2025-10-02 08:02:00] error: QR lib not loaded (install chillerlan/php-qrcode)
[2025-10-02 08:02:00] import: LRN=127677240033, qrPath=NULL
[2025-10-02 08:02:00] error: QR lib not loaded (install chillerlan/php-qrcode)
[2025-10-02 08:02:00] import: LRN=127677240052, qrPath=NULL
[2025-10-02 08:02:00] error: QR lib not loaded (install chillerlan/php-qrcode)
[2025-10-02 08:02:00] import: LRN=127677240036, qrPath=NULL
[2025-10-02 08:02:00] error: QR lib not loaded (install chillerlan/php-qrcode)
[2025-10-02 08:02:00] import: LRN=127677240038, qrPath=NULL
[2025-10-02 08:02:00] error: QR lib not loaded (install chillerlan/php-qrcode)
[2025-10-02 08:02:00] import: LRN=127677240013, qrPath=NULL
[2025-10-02 08:02:00] error: QR lib not loaded (install chillerlan/php-qrcode)
[2025-10-02 08:02:00] import: LRN=127677240039, qrPath=NULL
[2025-10-02 08:02:00] error: QR lib not loaded (install chillerlan/php-qrcode)
[2025-10-02 08:02:00] import: LRN=127677240015, qrPath=NULL
[2025-10-02 08:02:00] error: QR lib not loaded (install chillerlan/php-qrcode)
[2025-10-02 08:02:00] import: LRN=127677240017, qrPath=NULL
[2025-10-02 08:02:00] error: QR lib not loaded (install chillerlan/php-qrcode)
[2025-10-02 08:02:00] import: LRN=127677240041, qrPath=NULL
[2025-10-02 08:02:00] error: QR lib not loaded (install chillerlan/php-qrcode)
[2025-10-02 08:02:00] import: LRN=127677240042, qrPath=NULL
[2025-10-02 08:02:00] error: QR lib not loaded (install chillerlan/php-qrcode)
[2025-10-02 08:02:00] import: LRN=127677240044, qrPath=NULL
[2025-10-02 08:02:00] error: QR lib not loaded (install chillerlan/php-qrcode)
[2025-10-02 08:02:00] import: LRN=127677240018, qrPath=NULL
[2025-10-02 08:02:00] error: QR lib not loaded (install chillerlan/php-qrcode)
[2025-10-02 08:02:00] import: LRN=127677240019, qrPath=NULL
[2025-10-02 08:02:00] error: QR lib not loaded (install chillerlan/php-qrcode)
[2025-10-02 08:02:00] import: LRN=127677240045, qrPath=NULL
[2025-10-02 08:02:00] error: QR lib not loaded (install chillerlan/php-qrcode)
[2025-10-02 08:02:00] import: LRN=127677240046, qrPath=NULL
[2025-10-02 08:02:00] error: QR lib not loaded (install chillerlan/php-qrcode)
[2025-10-02 08:02:00] import: LRN=127677240021, qrPath=NULL
[2025-10-02 08:02:00] error: QR lib not loaded (install chillerlan/php-qrcode)
[2025-10-02 08:02:00] import: LRN=127677240047, qrPath=NULL
[2025-10-02 08:02:00] error: QR lib not loaded (install chillerlan/php-qrcode)
[2025-10-02 08:02:00] import: LRN=127677240048, qrPath=NULL
[2025-10-02 08:02:00] error: QR lib not loaded (install chillerlan/php-qrcode)
[2025-10-02 08:02:00] import: LRN=127677240022, qrPath=NULL
[2025-10-02 08:06:25] QR lib missing
[2025-10-02 08:06:25] QR lib missing
[2025-10-02 08:06:25] QR lib missing
[2025-10-02 08:06:25] QR lib missing
[2025-10-02 08:06:25] QR lib missing
[2025-10-02 08:06:25] QR lib missing
[2025-10-02 08:06:25] QR lib missing
[2025-10-02 08:06:25] QR lib missing
[2025-10-02 08:06:25] QR lib missing
[2025-10-02 08:06:25] QR lib missing
[2025-10-02 08:06:25] QR lib missing
[2025-10-02 08:06:25] QR lib missing
[2025-10-02 08:06:25] QR lib missing
[2025-10-02 08:06:25] QR lib missing
[2025-10-02 08:06:25] QR lib missing
[2025-10-02 08:06:25] QR lib missing
[2025-10-02 08:06:25] QR lib missing
[2025-10-02 08:06:25] QR lib missing
[2025-10-02 08:06:25] QR lib missing
[2025-10-02 08:06:25] QR lib missing
[2025-10-02 08:06:25] QR lib missing
[2025-10-02 08:06:25] QR lib missing
[2025-10-02 08:06:25] QR lib missing
[2025-10-02 08:06:25] QR lib missing
[2025-10-02 08:06:25] QR lib missing
[2025-10-02 08:06:25] QR lib missing
[2025-10-02 08:07:09] error: QR lib not loaded (install chillerlan/php-qrcode)
[2025-10-02 08:07:09] import: LRN=127677240001, qrPath=NULL
[2025-10-02 08:07:09] error: QR lib not loaded (install chillerlan/php-qrcode)
[2025-10-02 08:07:09] import: LRN=127677240002, qrPath=NULL
[2025-10-02 08:07:09] error: QR lib not loaded (install chillerlan/php-qrcode)
[2025-10-02 08:07:09] import: LRN=127677240004, qrPath=NULL
[2025-10-02 08:07:09] error: QR lib not loaded (install chillerlan/php-qrcode)
[2025-10-02 08:07:09] import: LRN=127677240003, qrPath=NULL
[2025-10-02 08:07:09] error: QR lib not loaded (install chillerlan/php-qrcode)
[2025-10-02 08:07:09] import: LRN=127677240026, qrPath=NULL
[2025-10-02 08:07:09] error: QR lib not loaded (install chillerlan/php-qrcode)
[2025-10-02 08:07:09] import: LRN=126642240080, qrPath=NULL
[2025-10-02 08:07:09] error: QR lib not loaded (install chillerlan/php-qrcode)
[2025-10-02 08:07:09] import: LRN=127677240011, qrPath=NULL
[2025-10-02 08:07:09] error: QR lib not loaded (install chillerlan/php-qrcode)
[2025-10-02 08:07:09] import: LRN=127677240033, qrPath=NULL
[2025-10-02 08:07:09] error: QR lib not loaded (install chillerlan/php-qrcode)
[2025-10-02 08:07:09] import: LRN=127677240052, qrPath=NULL
[2025-10-02 08:07:09] error: QR lib not loaded (install chillerlan/php-qrcode)
[2025-10-02 08:07:09] import: LRN=127677240036, qrPath=NULL
[2025-10-02 08:07:09] error: QR lib not loaded (install chillerlan/php-qrcode)
[2025-10-02 08:07:09] import: LRN=127677240038, qrPath=NULL
[2025-10-02 08:07:09] error: QR lib not loaded (install chillerlan/php-qrcode)
[2025-10-02 08:07:09] import: LRN=127677240013, qrPath=NULL
[2025-10-02 08:07:09] error: QR lib not loaded (install chillerlan/php-qrcode)
[2025-10-02 08:07:09] import: LRN=127677240039, qrPath=NULL
[2025-10-02 08:07:09] error: QR lib not loaded (install chillerlan/php-qrcode)
[2025-10-02 08:07:09] import: LRN=127677240015, qrPath=NULL
[2025-10-02 08:07:09] error: QR lib not loaded (install chillerlan/php-qrcode)
[2025-10-02 08:07:09] import: LRN=127677240017, qrPath=NULL
[2025-10-02 08:07:09] error: QR lib not loaded (install chillerlan/php-qrcode)
[2025-10-02 08:07:09] import: LRN=127677240041, qrPath=NULL
[2025-10-02 08:07:09] error: QR lib not loaded (install chillerlan/php-qrcode)
[2025-10-02 08:07:09] import: LRN=127677240042, qrPath=NULL
[2025-10-02 08:07:09] error: QR lib not loaded (install chillerlan/php-qrcode)
[2025-10-02 08:07:09] import: LRN=127677240044, qrPath=NULL
[2025-10-02 08:07:09] error: QR lib not loaded (install chillerlan/php-qrcode)
[2025-10-02 08:07:09] import: LRN=127677240018, qrPath=NULL
[2025-10-02 08:07:09] error: QR lib not loaded (install chillerlan/php-qrcode)
[2025-10-02 08:07:09] import: LRN=127677240019, qrPath=NULL
[2025-10-02 08:07:09] error: QR lib not loaded (install chillerlan/php-qrcode)
[2025-10-02 08:07:09] import: LRN=127677240045, qrPath=NULL
[2025-10-02 08:07:09] error: QR lib not loaded (install chillerlan/php-qrcode)
[2025-10-02 08:07:09] import: LRN=127677240046, qrPath=NULL
[2025-10-02 08:07:09] error: QR lib not loaded (install chillerlan/php-qrcode)
[2025-10-02 08:07:09] import: LRN=127677240021, qrPath=NULL
[2025-10-02 08:07:09] error: QR lib not loaded (install chillerlan/php-qrcode)
[2025-10-02 08:07:09] import: LRN=127677240047, qrPath=NULL
[2025-10-02 08:07:09] error: QR lib not loaded (install chillerlan/php-qrcode)
[2025-10-02 08:07:09] import: LRN=127677240048, qrPath=NULL
[2025-10-02 08:07:09] error: QR lib not loaded (install chillerlan/php-qrcode)
[2025-10-02 08:07:09] import: LRN=127677240022, qrPath=NULL
[2025-10-02 08:16:29] generated /uploads/qrcodes/127677240001.png
[2025-10-02 08:16:29] wrote qr_code for user_id=573 -> /uploads/qrcodes/127677240001.png
[2025-10-02 08:16:29] generated /uploads/qrcodes/127677240002.png
[2025-10-02 08:16:29] wrote qr_code for user_id=574 -> /uploads/qrcodes/127677240002.png
[2025-10-02 08:16:29] generated /uploads/qrcodes/127677240004.png
[2025-10-02 08:16:29] wrote qr_code for user_id=575 -> /uploads/qrcodes/127677240004.png
[2025-10-02 08:16:29] generated /uploads/qrcodes/127677240003.png
[2025-10-02 08:16:29] wrote qr_code for user_id=576 -> /uploads/qrcodes/127677240003.png
[2025-10-02 08:16:29] generated /uploads/qrcodes/127677240026.png
[2025-10-02 08:16:29] wrote qr_code for user_id=577 -> /uploads/qrcodes/127677240026.png
[2025-10-02 08:16:29] generated /uploads/qrcodes/126642240080.png
[2025-10-02 08:16:29] wrote qr_code for user_id=578 -> /uploads/qrcodes/126642240080.png
[2025-10-02 08:16:29] generated /uploads/qrcodes/127677240011.png
[2025-10-02 08:16:29] wrote qr_code for user_id=579 -> /uploads/qrcodes/127677240011.png
[2025-10-02 08:16:29] generated /uploads/qrcodes/127677240033.png
[2025-10-02 08:16:29] wrote qr_code for user_id=580 -> /uploads/qrcodes/127677240033.png
[2025-10-02 08:16:30] generated /uploads/qrcodes/127677240052.png
[2025-10-02 08:16:30] wrote qr_code for user_id=581 -> /uploads/qrcodes/127677240052.png
[2025-10-02 08:16:30] generated /uploads/qrcodes/127677240036.png
[2025-10-02 08:16:30] wrote qr_code for user_id=582 -> /uploads/qrcodes/127677240036.png
[2025-10-02 08:16:30] generated /uploads/qrcodes/127677240038.png
[2025-10-02 08:16:30] wrote qr_code for user_id=583 -> /uploads/qrcodes/127677240038.png
[2025-10-02 08:16:30] generated /uploads/qrcodes/127677240013.png
[2025-10-02 08:16:30] wrote qr_code for user_id=584 -> /uploads/qrcodes/127677240013.png
[2025-10-02 08:16:30] generated /uploads/qrcodes/127677240039.png
[2025-10-02 08:16:30] wrote qr_code for user_id=585 -> /uploads/qrcodes/127677240039.png
[2025-10-02 08:16:30] generated /uploads/qrcodes/127677240015.png
[2025-10-02 08:16:30] wrote qr_code for user_id=586 -> /uploads/qrcodes/127677240015.png
[2025-10-02 08:16:30] generated /uploads/qrcodes/127677240017.png
[2025-10-02 08:16:30] wrote qr_code for user_id=587 -> /uploads/qrcodes/127677240017.png
[2025-10-02 08:16:30] generated /uploads/qrcodes/127677240041.png
[2025-10-02 08:16:30] wrote qr_code for user_id=588 -> /uploads/qrcodes/127677240041.png
[2025-10-02 08:16:30] generated /uploads/qrcodes/127677240042.png
[2025-10-02 08:16:30] wrote qr_code for user_id=589 -> /uploads/qrcodes/127677240042.png
[2025-10-02 08:16:30] generated /uploads/qrcodes/127677240044.png
[2025-10-02 08:16:30] wrote qr_code for user_id=590 -> /uploads/qrcodes/127677240044.png
[2025-10-02 08:16:30] generated /uploads/qrcodes/127677240018.png
[2025-10-02 08:16:30] wrote qr_code for user_id=591 -> /uploads/qrcodes/127677240018.png
[2025-10-02 08:16:30] generated /uploads/qrcodes/127677240019.png
[2025-10-02 08:16:30] wrote qr_code for user_id=592 -> /uploads/qrcodes/127677240019.png
[2025-10-02 08:16:30] generated /uploads/qrcodes/127677240045.png
[2025-10-02 08:16:30] wrote qr_code for user_id=593 -> /uploads/qrcodes/127677240045.png
[2025-10-02 08:16:30] generated /uploads/qrcodes/127677240046.png
[2025-10-02 08:16:30] wrote qr_code for user_id=594 -> /uploads/qrcodes/127677240046.png
[2025-10-02 08:16:30] generated /uploads/qrcodes/127677240021.png
[2025-10-02 08:16:30] wrote qr_code for user_id=595 -> /uploads/qrcodes/127677240021.png
[2025-10-02 08:16:30] generated /uploads/qrcodes/127677240047.png
[2025-10-02 08:16:30] wrote qr_code for user_id=596 -> /uploads/qrcodes/127677240047.png
[2025-10-02 08:16:30] generated /uploads/qrcodes/127677240048.png
[2025-10-02 08:16:30] wrote qr_code for user_id=597 -> /uploads/qrcodes/127677240048.png
[2025-10-02 08:16:30] generated /uploads/qrcodes/127677240022.png
[2025-10-02 08:16:30] wrote qr_code for user_id=598 -> /uploads/qrcodes/127677240022.png
[2025-10-08 15:31:44] generated /uploads/qrcodes/127677240024.png
[2025-10-08 15:31:44] wrote qr_code for user_id=599 -> /uploads/qrcodes/127677240024.png
[2025-10-08 15:31:44] generated /uploads/qrcodes/127677240005.png
[2025-10-08 15:31:44] wrote qr_code for user_id=600 -> /uploads/qrcodes/127677240005.png
[2025-10-08 15:31:44] generated /uploads/qrcodes/127677240023.png
[2025-10-08 15:31:44] wrote qr_code for user_id=601 -> /uploads/qrcodes/127677240023.png
[2025-10-08 15:31:44] generated /uploads/qrcodes/127677240006.png
[2025-10-08 15:31:44] wrote qr_code for user_id=602 -> /uploads/qrcodes/127677240006.png
[2025-10-08 15:31:44] generated /uploads/qrcodes/127677240027.png
[2025-10-08 15:31:44] wrote qr_code for user_id=603 -> /uploads/qrcodes/127677240027.png
[2025-10-08 15:31:44] generated /uploads/qrcodes/127677240007.png
[2025-10-08 15:31:44] wrote qr_code for user_id=604 -> /uploads/qrcodes/127677240007.png
[2025-10-08 15:31:44] generated /uploads/qrcodes/127677240008.png
[2025-10-08 15:31:44] wrote qr_code for user_id=605 -> /uploads/qrcodes/127677240008.png
[2025-10-08 15:31:44] generated /uploads/qrcodes/127677240049.png
[2025-10-08 15:31:44] wrote qr_code for user_id=606 -> /uploads/qrcodes/127677240049.png
[2025-10-08 15:31:44] generated /uploads/qrcodes/127677240028.png
[2025-10-08 15:31:44] wrote qr_code for user_id=607 -> /uploads/qrcodes/127677240028.png
[2025-10-08 15:31:44] generated /uploads/qrcodes/127677240009.png
[2025-10-08 15:31:44] wrote qr_code for user_id=608 -> /uploads/qrcodes/127677240009.png
[2025-10-08 15:31:44] generated /uploads/qrcodes/127677240010.png
[2025-10-08 15:31:44] wrote qr_code for user_id=609 -> /uploads/qrcodes/127677240010.png
[2025-10-08 15:31:44] generated /uploads/qrcodes/127677240029.png
[2025-10-08 15:31:44] wrote qr_code for user_id=610 -> /uploads/qrcodes/127677240029.png
[2025-10-08 15:31:44] generated /uploads/qrcodes/127677240032.png
[2025-10-08 15:31:44] wrote qr_code for user_id=611 -> /uploads/qrcodes/127677240032.png
[2025-10-08 15:31:44] generated /uploads/qrcodes/127677240034.png
[2025-10-08 15:31:44] wrote qr_code for user_id=612 -> /uploads/qrcodes/127677240034.png
[2025-10-08 15:31:44] generated /uploads/qrcodes/127677240012.png
[2025-10-08 15:31:44] wrote qr_code for user_id=613 -> /uploads/qrcodes/127677240012.png
[2025-10-08 15:31:44] generated /uploads/qrcodes/126642230164.png
[2025-10-08 15:31:44] wrote qr_code for user_id=614 -> /uploads/qrcodes/126642230164.png
[2025-10-08 15:31:44] generated /uploads/qrcodes/127677240037.png
[2025-10-08 15:31:44] wrote qr_code for user_id=615 -> /uploads/qrcodes/127677240037.png
[2025-10-08 15:31:44] generated /uploads/qrcodes/127677240053.png
[2025-10-08 15:31:44] wrote qr_code for user_id=616 -> /uploads/qrcodes/127677240053.png
[2025-10-08 15:31:44] generated /uploads/qrcodes/127677240040.png
[2025-10-08 15:31:44] wrote qr_code for user_id=617 -> /uploads/qrcodes/127677240040.png
[2025-10-08 15:31:44] generated /uploads/qrcodes/127677240014.png
[2025-10-08 15:31:44] wrote qr_code for user_id=618 -> /uploads/qrcodes/127677240014.png
[2025-10-08 15:31:44] generated /uploads/qrcodes/127677240016.png
[2025-10-08 15:31:44] wrote qr_code for user_id=619 -> /uploads/qrcodes/127677240016.png
[2025-10-08 15:31:44] generated /uploads/qrcodes/127677240043.png
[2025-10-08 15:31:44] wrote qr_code for user_id=620 -> /uploads/qrcodes/127677240043.png
[2025-10-08 15:31:44] generated /uploads/qrcodes/127677240020.png
[2025-10-08 15:31:44] wrote qr_code for user_id=621 -> /uploads/qrcodes/127677240020.png
[2025-10-08 19:53:02] reuse /uploads/qrcodes/127677240004.png
[2025-10-08 19:53:02] manual: LRN=127677240004, qrPath='/uploads/qrcodes/127677240004.png'
[2025-10-08 19:53:02] reuse /uploads/qrcodes/127677240004.png
[2025-10-08 19:53:02] wrote qr_code for user_id=575 -> /uploads/qrcodes/127677240004.png
[2025-10-08 19:53:33] reuse /uploads/qrcodes/127677240004.png
[2025-10-08 19:53:33] manual: LRN=127677240004, qrPath='/uploads/qrcodes/127677240004.png'
[2025-10-08 19:53:33] reuse /uploads/qrcodes/127677240004.png
[2025-10-08 19:53:33] wrote qr_code for user_id=575 -> /uploads/qrcodes/127677240004.png
[2025-10-09 07:53:22] reuse /uploads/qrcodes/127677240001.png
[2025-10-09 07:53:22] wrote qr_code for user_id=869 -> /uploads/qrcodes/127677240001.png
[2025-10-09 07:53:22] reuse /uploads/qrcodes/127677240002.png
[2025-10-09 07:53:22] wrote qr_code for user_id=870 -> /uploads/qrcodes/127677240002.png
[2025-10-09 07:53:22] reuse /uploads/qrcodes/127677240004.png
[2025-10-09 07:53:22] wrote qr_code for user_id=871 -> /uploads/qrcodes/127677240004.png
[2025-10-09 07:53:22] reuse /uploads/qrcodes/127677240003.png
[2025-10-09 07:53:22] wrote qr_code for user_id=872 -> /uploads/qrcodes/127677240003.png
[2025-10-09 07:53:22] reuse /uploads/qrcodes/127677240026.png
[2025-10-09 07:53:22] wrote qr_code for user_id=873 -> /uploads/qrcodes/127677240026.png
[2025-10-09 07:53:22] reuse /uploads/qrcodes/126642240080.png
[2025-10-09 07:53:22] wrote qr_code for user_id=874 -> /uploads/qrcodes/126642240080.png
[2025-10-09 07:53:22] reuse /uploads/qrcodes/127677240011.png
[2025-10-09 07:53:22] wrote qr_code for user_id=875 -> /uploads/qrcodes/127677240011.png
[2025-10-09 07:53:22] reuse /uploads/qrcodes/127677240033.png
[2025-10-09 07:53:22] wrote qr_code for user_id=876 -> /uploads/qrcodes/127677240033.png
[2025-10-09 07:53:22] reuse /uploads/qrcodes/127677240052.png
[2025-10-09 07:53:22] wrote qr_code for user_id=877 -> /uploads/qrcodes/127677240052.png
[2025-10-09 07:53:22] reuse /uploads/qrcodes/127677240036.png
[2025-10-09 07:53:22] wrote qr_code for user_id=878 -> /uploads/qrcodes/127677240036.png
[2025-10-09 07:53:22] reuse /uploads/qrcodes/127677240038.png
[2025-10-09 07:53:22] wrote qr_code for user_id=879 -> /uploads/qrcodes/127677240038.png
[2025-10-09 07:53:22] reuse /uploads/qrcodes/127677240013.png
[2025-10-09 07:53:22] wrote qr_code for user_id=880 -> /uploads/qrcodes/127677240013.png
[2025-10-09 07:53:22] reuse /uploads/qrcodes/127677240039.png
[2025-10-09 07:53:22] wrote qr_code for user_id=881 -> /uploads/qrcodes/127677240039.png
[2025-10-09 07:53:22] reuse /uploads/qrcodes/127677240015.png
[2025-10-09 07:53:22] wrote qr_code for user_id=882 -> /uploads/qrcodes/127677240015.png
[2025-10-09 07:53:22] reuse /uploads/qrcodes/127677240017.png
[2025-10-09 07:53:22] wrote qr_code for user_id=883 -> /uploads/qrcodes/127677240017.png
[2025-10-09 07:53:22] reuse /uploads/qrcodes/127677240041.png
[2025-10-09 07:53:22] wrote qr_code for user_id=884 -> /uploads/qrcodes/127677240041.png
[2025-10-09 07:53:22] reuse /uploads/qrcodes/127677240042.png
[2025-10-09 07:53:22] wrote qr_code for user_id=885 -> /uploads/qrcodes/127677240042.png
[2025-10-09 07:53:22] reuse /uploads/qrcodes/127677240044.png
[2025-10-09 07:53:22] wrote qr_code for user_id=886 -> /uploads/qrcodes/127677240044.png
[2025-10-09 07:53:22] reuse /uploads/qrcodes/127677240018.png
[2025-10-09 07:53:22] wrote qr_code for user_id=887 -> /uploads/qrcodes/127677240018.png
[2025-10-09 07:53:22] reuse /uploads/qrcodes/127677240019.png
[2025-10-09 07:53:22] wrote qr_code for user_id=888 -> /uploads/qrcodes/127677240019.png
[2025-10-09 07:53:22] reuse /uploads/qrcodes/127677240045.png
[2025-10-09 07:53:22] wrote qr_code for user_id=889 -> /uploads/qrcodes/127677240045.png
[2025-10-09 07:53:22] reuse /uploads/qrcodes/127677240046.png
[2025-10-09 07:53:22] wrote qr_code for user_id=890 -> /uploads/qrcodes/127677240046.png
[2025-10-09 07:53:22] reuse /uploads/qrcodes/127677240021.png
[2025-10-09 07:53:22] wrote qr_code for user_id=891 -> /uploads/qrcodes/127677240021.png
[2025-10-09 07:53:22] reuse /uploads/qrcodes/127677240047.png
[2025-10-09 07:53:22] wrote qr_code for user_id=892 -> /uploads/qrcodes/127677240047.png
[2025-10-09 07:53:22] reuse /uploads/qrcodes/127677240048.png
[2025-10-09 07:53:22] wrote qr_code for user_id=893 -> /uploads/qrcodes/127677240048.png
[2025-10-09 07:53:22] reuse /uploads/qrcodes/127677240022.png
[2025-10-09 07:53:22] wrote qr_code for user_id=894 -> /uploads/qrcodes/127677240022.png
[2025-10-09 09:35:34] reuse /uploads/qrcodes/127677240024.png
[2025-10-09 09:35:34] wrote qr_code for user_id=897 -> /uploads/qrcodes/127677240024.png
[2025-10-09 09:35:34] reuse /uploads/qrcodes/127677240005.png
[2025-10-09 09:35:34] wrote qr_code for user_id=898 -> /uploads/qrcodes/127677240005.png
[2025-10-09 09:35:34] reuse /uploads/qrcodes/127677240023.png
[2025-10-09 09:35:34] wrote qr_code for user_id=899 -> /uploads/qrcodes/127677240023.png
[2025-10-09 09:35:34] reuse /uploads/qrcodes/127677240006.png
[2025-10-09 09:35:34] wrote qr_code for user_id=900 -> /uploads/qrcodes/127677240006.png
[2025-10-09 09:35:34] reuse /uploads/qrcodes/127677240027.png
[2025-10-09 09:35:34] wrote qr_code for user_id=901 -> /uploads/qrcodes/127677240027.png
[2025-10-09 09:35:34] reuse /uploads/qrcodes/127677240007.png
[2025-10-09 09:35:34] wrote qr_code for user_id=902 -> /uploads/qrcodes/127677240007.png
[2025-10-09 09:35:34] reuse /uploads/qrcodes/127677240008.png
[2025-10-09 09:35:34] wrote qr_code for user_id=903 -> /uploads/qrcodes/127677240008.png
[2025-10-09 09:35:34] reuse /uploads/qrcodes/127677240049.png
[2025-10-09 09:35:34] wrote qr_code for user_id=904 -> /uploads/qrcodes/127677240049.png
[2025-10-09 09:35:34] reuse /uploads/qrcodes/127677240028.png
[2025-10-09 09:35:34] wrote qr_code for user_id=905 -> /uploads/qrcodes/127677240028.png
[2025-10-09 09:35:34] reuse /uploads/qrcodes/127677240009.png
[2025-10-09 09:35:34] wrote qr_code for user_id=906 -> /uploads/qrcodes/127677240009.png
[2025-10-09 09:35:34] reuse /uploads/qrcodes/127677240010.png
[2025-10-09 09:35:34] wrote qr_code for user_id=907 -> /uploads/qrcodes/127677240010.png
[2025-10-09 09:35:34] reuse /uploads/qrcodes/127677240029.png
[2025-10-09 09:35:34] wrote qr_code for user_id=908 -> /uploads/qrcodes/127677240029.png
[2025-10-09 09:35:34] reuse /uploads/qrcodes/127677240032.png
[2025-10-09 09:35:34] wrote qr_code for user_id=909 -> /uploads/qrcodes/127677240032.png
[2025-10-09 09:35:34] reuse /uploads/qrcodes/127677240034.png
[2025-10-09 09:35:34] wrote qr_code for user_id=910 -> /uploads/qrcodes/127677240034.png
[2025-10-09 09:35:34] reuse /uploads/qrcodes/127677240012.png
[2025-10-09 09:35:34] wrote qr_code for user_id=911 -> /uploads/qrcodes/127677240012.png
[2025-10-09 09:35:34] reuse /uploads/qrcodes/126642230164.png
[2025-10-09 09:35:34] wrote qr_code for user_id=912 -> /uploads/qrcodes/126642230164.png
[2025-10-09 09:35:34] reuse /uploads/qrcodes/127677240037.png
[2025-10-09 09:35:34] wrote qr_code for user_id=913 -> /uploads/qrcodes/127677240037.png
[2025-10-09 09:35:34] reuse /uploads/qrcodes/127677240053.png
[2025-10-09 09:35:34] wrote qr_code for user_id=914 -> /uploads/qrcodes/127677240053.png
[2025-10-09 09:35:34] reuse /uploads/qrcodes/127677240040.png
[2025-10-09 09:35:34] wrote qr_code for user_id=915 -> /uploads/qrcodes/127677240040.png
[2025-10-09 09:35:34] reuse /uploads/qrcodes/127677240014.png
[2025-10-09 09:35:34] wrote qr_code for user_id=916 -> /uploads/qrcodes/127677240014.png
[2025-10-09 09:35:34] reuse /uploads/qrcodes/127677240016.png
[2025-10-09 09:35:34] wrote qr_code for user_id=917 -> /uploads/qrcodes/127677240016.png
[2025-10-09 09:35:34] reuse /uploads/qrcodes/127677240043.png
[2025-10-09 09:35:34] wrote qr_code for user_id=918 -> /uploads/qrcodes/127677240043.png
[2025-10-09 09:35:34] reuse /uploads/qrcodes/127677240020.png
[2025-10-09 09:35:34] wrote qr_code for user_id=919 -> /uploads/qrcodes/127677240020.png
[2025-10-09 19:52:07] generated /uploads/qrcodes/127677230014.png
[2025-10-09 19:52:07] wrote qr_code for user_id=921 -> /uploads/qrcodes/127677230014.png
[2025-10-09 19:52:07] generated /uploads/qrcodes/127994230116.png
[2025-10-09 19:52:07] wrote qr_code for user_id=922 -> /uploads/qrcodes/127994230116.png
[2025-10-09 19:52:07] generated /uploads/qrcodes/127677230030.png
[2025-10-09 19:52:07] wrote qr_code for user_id=923 -> /uploads/qrcodes/127677230030.png
[2025-10-09 19:52:07] generated /uploads/qrcodes/127677230015.png
[2025-10-09 19:52:07] wrote qr_code for user_id=924 -> /uploads/qrcodes/127677230015.png
[2025-10-09 19:52:07] generated /uploads/qrcodes/127677230031.png
[2025-10-09 19:52:07] wrote qr_code for user_id=925 -> /uploads/qrcodes/127677230031.png
[2025-10-09 19:52:07] generated /uploads/qrcodes/127677230016.png
[2025-10-09 19:52:07] wrote qr_code for user_id=926 -> /uploads/qrcodes/127677230016.png
[2025-10-09 19:52:07] generated /uploads/qrcodes/127677230017.png
[2025-10-09 19:52:07] wrote qr_code for user_id=927 -> /uploads/qrcodes/127677230017.png
[2025-10-09 19:52:07] generated /uploads/qrcodes/127677230018.png
[2025-10-09 19:52:07] wrote qr_code for user_id=928 -> /uploads/qrcodes/127677230018.png
[2025-10-09 19:52:07] generated /uploads/qrcodes/127677230043.png
[2025-10-09 19:52:07] wrote qr_code for user_id=929 -> /uploads/qrcodes/127677230043.png
[2025-10-09 19:52:07] generated /uploads/qrcodes/127677230044.png
[2025-10-09 19:52:07] wrote qr_code for user_id=930 -> /uploads/qrcodes/127677230044.png
[2025-10-09 19:52:07] generated /uploads/qrcodes/127677230046.png
[2025-10-09 19:52:07] wrote qr_code for user_id=931 -> /uploads/qrcodes/127677230046.png
[2025-10-09 19:52:07] generated /uploads/qrcodes/127677230019.png
[2025-10-09 19:52:07] wrote qr_code for user_id=932 -> /uploads/qrcodes/127677230019.png
[2025-10-09 19:52:07] generated /uploads/qrcodes/127677230052.png
[2025-10-09 19:52:07] wrote qr_code for user_id=933 -> /uploads/qrcodes/127677230052.png
[2025-10-09 19:52:07] generated /uploads/qrcodes/127677230006.png
[2025-10-09 19:52:07] wrote qr_code for user_id=934 -> /uploads/qrcodes/127677230006.png
[2025-10-09 19:52:07] generated /uploads/qrcodes/127677230035.png
[2025-10-09 19:52:07] wrote qr_code for user_id=935 -> /uploads/qrcodes/127677230035.png
[2025-10-09 19:52:07] generated /uploads/qrcodes/127677230036.png
[2025-10-09 19:52:07] wrote qr_code for user_id=936 -> /uploads/qrcodes/127677230036.png
[2025-10-09 19:52:07] generated /uploads/qrcodes/127677230047.png
[2025-10-09 19:52:07] wrote qr_code for user_id=937 -> /uploads/qrcodes/127677230047.png
[2025-10-09 19:52:08] generated /uploads/qrcodes/127677230022.png
[2025-10-09 19:52:08] wrote qr_code for user_id=938 -> /uploads/qrcodes/127677230022.png
[2025-10-09 19:52:08] generated /uploads/qrcodes/127677230055.png
[2025-10-09 19:52:08] wrote qr_code for user_id=939 -> /uploads/qrcodes/127677230055.png
[2025-10-09 19:52:08] generated /uploads/qrcodes/127669230016.png
[2025-10-09 19:52:08] wrote qr_code for user_id=940 -> /uploads/qrcodes/127669230016.png
[2025-10-09 19:52:08] generated /uploads/qrcodes/106766220036.png
[2025-10-09 19:52:08] wrote qr_code for user_id=941 -> /uploads/qrcodes/106766220036.png
[2025-10-09 19:52:08] generated /uploads/qrcodes/127677230024.png
[2025-10-09 19:52:08] wrote qr_code for user_id=942 -> /uploads/qrcodes/127677230024.png
[2025-10-09 19:52:08] generated /uploads/qrcodes/127676230120.png
[2025-10-09 19:52:08] wrote qr_code for user_id=943 -> /uploads/qrcodes/127676230120.png
[2025-10-09 19:52:08] generated /uploads/qrcodes/127677230040.png
[2025-10-09 19:52:08] wrote qr_code for user_id=944 -> /uploads/qrcodes/127677230040.png
[2025-10-09 19:52:08] generated /uploads/qrcodes/127677230025.png
[2025-10-09 19:52:08] wrote qr_code for user_id=945 -> /uploads/qrcodes/127677230025.png
[2025-10-09 19:52:08] generated /uploads/qrcodes/127677230050.png
[2025-10-09 19:52:08] wrote qr_code for user_id=946 -> /uploads/qrcodes/127677230050.png
[2025-10-09 19:52:08] generated /uploads/qrcodes/501880230007.png
[2025-10-09 19:52:08] wrote qr_code for user_id=947 -> /uploads/qrcodes/501880230007.png
[2025-10-09 19:52:08] generated /uploads/qrcodes/127677230056.png
[2025-10-09 19:52:08] wrote qr_code for user_id=948 -> /uploads/qrcodes/127677230056.png
[2025-10-17 12:14:38] reuse /uploads/qrcodes/127677240001.png
[2025-10-17 12:14:38] manual: LRN=127677240001, qrPath='/uploads/qrcodes/127677240001.png'
[2025-10-17 12:14:38] reuse /uploads/qrcodes/127677240001.png
[2025-10-17 12:14:38] wrote qr_code for user_id=869 -> /uploads/qrcodes/127677240001.png
[2025-10-17 12:15:01] reuse /uploads/qrcodes/127677240001.png
[2025-10-17 12:15:01] manual: LRN=127677240001, qrPath='/uploads/qrcodes/127677240001.png'
[2025-10-17 12:15:01] reuse /uploads/qrcodes/127677240001.png
[2025-10-17 12:15:01] wrote qr_code for user_id=869 -> /uploads/qrcodes/127677240001.png
[2025-10-17 12:17:09] reuse /uploads/qrcodes/127677240001.png
[2025-10-17 12:17:09] manual: LRN=127677240001, qrPath='/uploads/qrcodes/127677240001.png'
[2025-10-17 12:17:09] reuse /uploads/qrcodes/127677240001.png
[2025-10-17 12:17:09] wrote qr_code for user_id=869 -> /uploads/qrcodes/127677240001.png
[2025-10-17 12:17:43] reuse /uploads/qrcodes/127677240001.png
[2025-10-17 12:17:43] manual: LRN=127677240001, qrPath='/uploads/qrcodes/127677240001.png'
[2025-10-17 12:17:43] reuse /uploads/qrcodes/127677240001.png
[2025-10-17 12:17:43] wrote qr_code for user_id=869 -> /uploads/qrcodes/127677240001.png
[2025-10-17 14:25:00] reuse /uploads/qrcodes/127677240001.png
[2025-10-17 14:25:00] manual: LRN=127677240001, qrPath='/uploads/qrcodes/127677240001.png'
[2025-10-17 14:25:00] reuse /uploads/qrcodes/127677240001.png
[2025-10-17 14:25:00] wrote qr_code for user_id=869 -> /uploads/qrcodes/127677240001.png
[2025-10-17 14:26:15] reuse /uploads/qrcodes/127677240001.png
[2025-10-17 14:26:15] manual: LRN=127677240001, qrPath='/uploads/qrcodes/127677240001.png'
[2025-10-17 14:26:15] reuse /uploads/qrcodes/127677240001.png
[2025-10-17 14:26:15] wrote qr_code for user_id=869 -> /uploads/qrcodes/127677240001.png
[2025-10-17 14:32:04] reuse /uploads/qrcodes/127677240001.png
[2025-10-17 14:32:04] manual: LRN=127677240001, qrPath='/uploads/qrcodes/127677240001.png'
[2025-10-17 14:32:04] reuse /uploads/qrcodes/127677240001.png
[2025-10-17 14:32:04] wrote qr_code for user_id=869 -> /uploads/qrcodes/127677240001.png
[2025-10-17 14:37:31] reuse /uploads/qrcodes/127677240001.png
[2025-10-17 14:37:31] manual: LRN=127677240001, qrPath='/uploads/qrcodes/127677240001.png'
[2025-10-17 14:37:31] reuse /uploads/qrcodes/127677240001.png
[2025-10-17 14:37:31] wrote qr_code for user_id=869 -> /uploads/qrcodes/127677240001.png
[2025-10-17 14:38:41] reuse /uploads/qrcodes/127677240001.png
[2025-10-17 14:38:41] manual: LRN=127677240001, qrPath='/uploads/qrcodes/127677240001.png'
[2025-10-17 14:38:41] reuse /uploads/qrcodes/127677240001.png
[2025-10-17 14:38:41] wrote qr_code for user_id=869 -> /uploads/qrcodes/127677240001.png
[2025-10-17 14:39:04] reuse /uploads/qrcodes/127677240001.png
[2025-10-17 14:39:04] manual: LRN=127677240001, qrPath='/uploads/qrcodes/127677240001.png'
[2025-10-17 14:39:04] reuse /uploads/qrcodes/127677240001.png
[2025-10-17 14:39:04] wrote qr_code for user_id=869 -> /uploads/qrcodes/127677240001.png
[2025-10-17 15:56:48] skip: invalid LRN []
[2025-10-17 15:56:48] manual: LRN=, qrPath=NULL
[2025-10-17 15:57:39] generated /uploads/qrcodes/500341200080.png
[2025-10-17 15:57:39] wrote qr_code for user_id=949 -> /uploads/qrcodes/500341200080.png
[2025-10-17 15:57:39] generated /uploads/qrcodes/127677200009.png
[2025-10-17 15:57:39] wrote qr_code for user_id=950 -> /uploads/qrcodes/127677200009.png
[2025-10-17 15:57:39] generated /uploads/qrcodes/127677200019.png
[2025-10-17 15:57:39] wrote qr_code for user_id=951 -> /uploads/qrcodes/127677200019.png
[2025-10-17 15:57:39] generated /uploads/qrcodes/127677200012.png
[2025-10-17 15:57:39] wrote qr_code for user_id=952 -> /uploads/qrcodes/127677200012.png
[2025-10-17 15:57:39] generated /uploads/qrcodes/127677200020.png
[2025-10-17 15:57:39] wrote qr_code for user_id=953 -> /uploads/qrcodes/127677200020.png
[2025-10-17 15:57:39] generated /uploads/qrcodes/127677200021.png
[2025-10-17 15:57:39] wrote qr_code for user_id=954 -> /uploads/qrcodes/127677200021.png
[2025-10-17 15:57:39] generated /uploads/qrcodes/136611200140.png
[2025-10-17 15:57:39] wrote qr_code for user_id=955 -> /uploads/qrcodes/136611200140.png
[2025-10-17 15:57:40] generated /uploads/qrcodes/127677200007.png
[2025-10-17 15:57:40] wrote qr_code for user_id=956 -> /uploads/qrcodes/127677200007.png
[2025-10-17 15:57:40] generated /uploads/qrcodes/127677200014.png
[2025-10-17 15:57:40] wrote qr_code for user_id=957 -> /uploads/qrcodes/127677200014.png
[2025-10-17 15:57:40] generated /uploads/qrcodes/128094200110.png
[2025-10-17 15:57:40] wrote qr_code for user_id=958 -> /uploads/qrcodes/128094200110.png
[2025-10-17 15:57:40] generated /uploads/qrcodes/128094200107.png
[2025-10-17 15:57:40] wrote qr_code for user_id=959 -> /uploads/qrcodes/128094200107.png
[2025-10-17 15:57:40] generated /uploads/qrcodes/501880200016.png
[2025-10-17 15:57:40] wrote qr_code for user_id=960 -> /uploads/qrcodes/501880200016.png
[2025-10-17 15:57:40] generated /uploads/qrcodes/127677200076.png
[2025-10-17 15:57:40] wrote qr_code for user_id=961 -> /uploads/qrcodes/127677200076.png
[2025-10-17 15:57:40] generated /uploads/qrcodes/127677200005.png
[2025-10-17 15:57:40] wrote qr_code for user_id=962 -> /uploads/qrcodes/127677200005.png
[2025-10-17 15:57:40] generated /uploads/qrcodes/127677190053.png
[2025-10-17 15:57:40] wrote qr_code for user_id=963 -> /uploads/qrcodes/127677190053.png
[2025-10-17 15:57:40] generated /uploads/qrcodes/127677200051.png
[2025-10-17 15:57:40] wrote qr_code for user_id=964 -> /uploads/qrcodes/127677200051.png
[2025-10-17 15:57:41] generated /uploads/qrcodes/127677200013.png
[2025-10-17 15:57:41] wrote qr_code for user_id=965 -> /uploads/qrcodes/127677200013.png
[2025-10-17 15:57:41] generated /uploads/qrcodes/127671200196.png
[2025-10-17 15:57:41] wrote qr_code for user_id=966 -> /uploads/qrcodes/127671200196.png
[2025-10-17 15:57:41] generated /uploads/qrcodes/127677200053.png
[2025-10-17 15:57:41] wrote qr_code for user_id=967 -> /uploads/qrcodes/127677200053.png
[2025-10-17 15:57:41] generated /uploads/qrcodes/127582200066.png
[2025-10-17 15:57:41] wrote qr_code for user_id=968 -> /uploads/qrcodes/127582200066.png
[2025-10-17 15:57:41] generated /uploads/qrcodes/127677200073.png
[2025-10-17 15:57:41] wrote qr_code for user_id=969 -> /uploads/qrcodes/127677200073.png
[2025-10-17 15:57:41] generated /uploads/qrcodes/501927200030.png
[2025-10-17 15:57:41] wrote qr_code for user_id=970 -> /uploads/qrcodes/501927200030.png
[2025-10-17 15:57:41] generated /uploads/qrcodes/127677200010.png
[2025-10-17 15:57:41] wrote qr_code for user_id=971 -> /uploads/qrcodes/127677200010.png
[2025-10-17 15:57:41] generated /uploads/qrcodes/127671190159.png
[2025-10-17 15:57:41] wrote qr_code for user_id=972 -> /uploads/qrcodes/127671190159.png
[2025-10-17 15:57:41] generated /uploads/qrcodes/127677200024.png
[2025-10-17 15:57:41] wrote qr_code for user_id=973 -> /uploads/qrcodes/127677200024.png
[2025-10-17 15:57:42] generated /uploads/qrcodes/127677200023.png
[2025-10-17 15:57:42] wrote qr_code for user_id=974 -> /uploads/qrcodes/127677200023.png
[2025-10-17 15:57:42] generated /uploads/qrcodes/127677200001.png
[2025-10-17 15:57:42] wrote qr_code for user_id=975 -> /uploads/qrcodes/127677200001.png
[2025-10-17 15:57:42] generated /uploads/qrcodes/127677200028.png
[2025-10-17 15:57:42] wrote qr_code for user_id=976 -> /uploads/qrcodes/127677200028.png
[2025-10-17 15:57:42] generated /uploads/qrcodes/127677200011.png
[2025-10-17 15:57:42] wrote qr_code for user_id=977 -> /uploads/qrcodes/127677200011.png
[2025-10-17 15:57:42] generated /uploads/qrcodes/127677200003.png
[2025-10-17 15:57:42] wrote qr_code for user_id=978 -> /uploads/qrcodes/127677200003.png
[2025-10-17 15:57:42] generated /uploads/qrcodes/127677200015.png
[2025-10-17 15:57:42] wrote qr_code for user_id=979 -> /uploads/qrcodes/127677200015.png
[2025-10-17 15:57:42] generated /uploads/qrcodes/131273180258.png
[2025-10-17 15:57:42] wrote qr_code for user_id=980 -> /uploads/qrcodes/131273180258.png
[2025-10-17 15:57:42] generated /uploads/qrcodes/127677200017.png
[2025-10-17 15:57:42] wrote qr_code for user_id=981 -> /uploads/qrcodes/127677200017.png
[2025-10-17 15:57:42] generated /uploads/qrcodes/127942200402.png
[2025-10-17 15:57:42] wrote qr_code for user_id=982 -> /uploads/qrcodes/127942200402.png
[2025-10-17 15:57:43] generated /uploads/qrcodes/127677200022.png
[2025-10-17 15:57:43] wrote qr_code for user_id=983 -> /uploads/qrcodes/127677200022.png
[2025-10-17 15:59:00] generated /uploads/qrcodes/127677190030.png
[2025-10-17 15:59:00] wrote qr_code for user_id=984 -> /uploads/qrcodes/127677190030.png
[2025-10-17 15:59:00] generated /uploads/qrcodes/127833190002.png
[2025-10-17 15:59:00] wrote qr_code for user_id=985 -> /uploads/qrcodes/127833190002.png
[2025-10-17 15:59:00] generated /uploads/qrcodes/127677190015.png
[2025-10-17 15:59:00] wrote qr_code for user_id=986 -> /uploads/qrcodes/127677190015.png
[2025-10-17 15:59:00] generated /uploads/qrcodes/405147180040.png
[2025-10-17 15:59:00] wrote qr_code for user_id=987 -> /uploads/qrcodes/405147180040.png
[2025-10-17 15:59:00] generated /uploads/qrcodes/127677190001.png
[2025-10-17 15:59:00] wrote qr_code for user_id=988 -> /uploads/qrcodes/127677190001.png
[2025-10-17 15:59:00] generated /uploads/qrcodes/127677190003.png
[2025-10-17 15:59:00] wrote qr_code for user_id=989 -> /uploads/qrcodes/127677190003.png
[2025-10-17 15:59:00] generated /uploads/qrcodes/127677190029.png
[2025-10-17 15:59:00] wrote qr_code for user_id=990 -> /uploads/qrcodes/127677190029.png
[2025-10-17 15:59:00] generated /uploads/qrcodes/127674190016.png
[2025-10-17 15:59:00] wrote qr_code for user_id=991 -> /uploads/qrcodes/127674190016.png
[2025-10-17 15:59:00] generated /uploads/qrcodes/127677190018.png
[2025-10-17 15:59:00] wrote qr_code for user_id=992 -> /uploads/qrcodes/127677190018.png
[2025-10-17 15:59:00] generated /uploads/qrcodes/127679190031.png
[2025-10-17 15:59:00] wrote qr_code for user_id=993 -> /uploads/qrcodes/127679190031.png
[2025-10-17 15:59:00] generated /uploads/qrcodes/127990190205.png
[2025-10-17 15:59:00] wrote qr_code for user_id=994 -> /uploads/qrcodes/127990190205.png
[2025-10-17 15:59:00] generated /uploads/qrcodes/127677190022.png
[2025-10-17 15:59:00] wrote qr_code for user_id=995 -> /uploads/qrcodes/127677190022.png
[2025-10-17 15:59:00] generated /uploads/qrcodes/127669190014.png
[2025-10-17 15:59:00] wrote qr_code for user_id=996 -> /uploads/qrcodes/127669190014.png
[2025-10-17 15:59:00] generated /uploads/qrcodes/127671180162.png
[2025-10-17 15:59:00] wrote qr_code for user_id=997 -> /uploads/qrcodes/127671180162.png
[2025-10-17 15:59:00] generated /uploads/qrcodes/127677190031.png
[2025-10-17 15:59:00] wrote qr_code for user_id=998 -> /uploads/qrcodes/127677190031.png
[2025-10-17 15:59:00] generated /uploads/qrcodes/127677180008.png
[2025-10-17 15:59:00] wrote qr_code for user_id=999 -> /uploads/qrcodes/127677180008.png
[2025-10-17 15:59:00] generated /uploads/qrcodes/127677190006.png
[2025-10-17 15:59:00] wrote qr_code for user_id=1000 -> /uploads/qrcodes/127677190006.png
[2025-10-17 15:59:00] generated /uploads/qrcodes/127677190007.png
[2025-10-17 15:59:00] wrote qr_code for user_id=1001 -> /uploads/qrcodes/127677190007.png
[2025-10-17 15:59:00] generated /uploads/qrcodes/127677190009.png
[2025-10-17 15:59:00] wrote qr_code for user_id=1002 -> /uploads/qrcodes/127677190009.png
[2025-10-17 15:59:00] generated /uploads/qrcodes/127674190012.png
[2025-10-17 15:59:00] wrote qr_code for user_id=1003 -> /uploads/qrcodes/127674190012.png
[2025-10-17 15:59:00] generated /uploads/qrcodes/127677200075.png
[2025-10-17 15:59:00] wrote qr_code for user_id=1004 -> /uploads/qrcodes/127677200075.png
[2025-10-17 15:59:00] generated /uploads/qrcodes/127677190011.png
[2025-10-17 15:59:00] wrote qr_code for user_id=1005 -> /uploads/qrcodes/127677190011.png
[2025-10-17 15:59:00] generated /uploads/qrcodes/126327190085.png
[2025-10-17 15:59:00] wrote qr_code for user_id=1006 -> /uploads/qrcodes/126327190085.png
[2025-10-17 15:59:00] generated /uploads/qrcodes/127967190100.png
[2025-10-17 15:59:00] wrote qr_code for user_id=1007 -> /uploads/qrcodes/127967190100.png
[2025-10-17 15:59:00] generated /uploads/qrcodes/127677190012.png
[2025-10-17 15:59:00] wrote qr_code for user_id=1008 -> /uploads/qrcodes/127677190012.png
[2025-10-17 15:59:00] generated /uploads/qrcodes/127677190038.png
[2025-10-17 15:59:00] wrote qr_code for user_id=1009 -> /uploads/qrcodes/127677190038.png
[2025-10-17 15:59:00] generated /uploads/qrcodes/128003190176.png
[2025-10-17 15:59:00] wrote qr_code for user_id=1010 -> /uploads/qrcodes/128003190176.png
[2025-10-18 16:12:39] reuse /uploads/qrcodes/500341200080.png
[2025-10-18 16:12:39] wrote qr_code for user_id=949 -> /uploads/qrcodes/500341200080.png
[2025-10-18 16:12:39] reuse /uploads/qrcodes/127677200009.png
[2025-10-18 16:12:39] wrote qr_code for user_id=950 -> /uploads/qrcodes/127677200009.png
[2025-10-18 16:12:39] reuse /uploads/qrcodes/127677200019.png
[2025-10-18 16:12:39] wrote qr_code for user_id=951 -> /uploads/qrcodes/127677200019.png
[2025-10-18 16:12:39] reuse /uploads/qrcodes/127677200012.png
[2025-10-18 16:12:39] wrote qr_code for user_id=952 -> /uploads/qrcodes/127677200012.png
[2025-10-18 16:12:39] reuse /uploads/qrcodes/127677200020.png
[2025-10-18 16:12:39] wrote qr_code for user_id=953 -> /uploads/qrcodes/127677200020.png
[2025-10-18 16:12:39] reuse /uploads/qrcodes/127677200021.png
[2025-10-18 16:12:39] wrote qr_code for user_id=954 -> /uploads/qrcodes/127677200021.png
[2025-10-18 16:12:39] reuse /uploads/qrcodes/136611200140.png
[2025-10-18 16:12:39] wrote qr_code for user_id=955 -> /uploads/qrcodes/136611200140.png
[2025-10-18 16:12:39] reuse /uploads/qrcodes/127677200007.png
[2025-10-18 16:12:39] wrote qr_code for user_id=956 -> /uploads/qrcodes/127677200007.png
[2025-10-18 16:12:39] reuse /uploads/qrcodes/127677200014.png
[2025-10-18 16:12:39] wrote qr_code for user_id=957 -> /uploads/qrcodes/127677200014.png
[2025-10-18 16:12:39] reuse /uploads/qrcodes/128094200110.png
[2025-10-18 16:12:39] wrote qr_code for user_id=958 -> /uploads/qrcodes/128094200110.png
[2025-10-18 16:12:39] reuse /uploads/qrcodes/128094200107.png
[2025-10-18 16:12:39] wrote qr_code for user_id=959 -> /uploads/qrcodes/128094200107.png
[2025-10-18 16:12:39] reuse /uploads/qrcodes/501880200016.png
[2025-10-18 16:12:39] wrote qr_code for user_id=960 -> /uploads/qrcodes/501880200016.png
[2025-10-18 16:12:39] reuse /uploads/qrcodes/127677200076.png
[2025-10-18 16:12:39] wrote qr_code for user_id=961 -> /uploads/qrcodes/127677200076.png
[2025-10-18 16:12:39] reuse /uploads/qrcodes/127677200005.png
[2025-10-18 16:12:39] wrote qr_code for user_id=962 -> /uploads/qrcodes/127677200005.png
[2025-10-18 16:12:39] reuse /uploads/qrcodes/127677190053.png
[2025-10-18 16:12:39] wrote qr_code for user_id=963 -> /uploads/qrcodes/127677190053.png
[2025-10-18 16:12:39] reuse /uploads/qrcodes/127677200051.png
[2025-10-18 16:12:39] wrote qr_code for user_id=964 -> /uploads/qrcodes/127677200051.png
[2025-10-18 16:12:39] reuse /uploads/qrcodes/127677200013.png
[2025-10-18 16:12:39] wrote qr_code for user_id=965 -> /uploads/qrcodes/127677200013.png
[2025-10-18 16:12:39] reuse /uploads/qrcodes/127671200196.png
[2025-10-18 16:12:39] wrote qr_code for user_id=966 -> /uploads/qrcodes/127671200196.png
[2025-10-18 16:12:39] reuse /uploads/qrcodes/127677200053.png
[2025-10-18 16:12:39] wrote qr_code for user_id=967 -> /uploads/qrcodes/127677200053.png
[2025-10-18 16:12:39] reuse /uploads/qrcodes/127582200066.png
[2025-10-18 16:12:39] wrote qr_code for user_id=968 -> /uploads/qrcodes/127582200066.png
[2025-10-18 16:12:39] reuse /uploads/qrcodes/127677200073.png
[2025-10-18 16:12:39] wrote qr_code for user_id=969 -> /uploads/qrcodes/127677200073.png
[2025-10-18 16:12:39] reuse /uploads/qrcodes/501927200030.png
[2025-10-18 16:12:39] wrote qr_code for user_id=970 -> /uploads/qrcodes/501927200030.png
[2025-10-18 16:12:39] reuse /uploads/qrcodes/127677200010.png
[2025-10-18 16:12:39] wrote qr_code for user_id=971 -> /uploads/qrcodes/127677200010.png
[2025-10-18 16:12:39] reuse /uploads/qrcodes/127671190159.png
[2025-10-18 16:12:39] wrote qr_code for user_id=972 -> /uploads/qrcodes/127671190159.png
[2025-10-18 16:12:39] reuse /uploads/qrcodes/127677200024.png
[2025-10-18 16:12:39] wrote qr_code for user_id=973 -> /uploads/qrcodes/127677200024.png
[2025-10-18 16:12:39] reuse /uploads/qrcodes/127677200023.png
[2025-10-18 16:12:39] wrote qr_code for user_id=974 -> /uploads/qrcodes/127677200023.png
[2025-10-18 16:12:39] reuse /uploads/qrcodes/127677200001.png
[2025-10-18 16:12:39] wrote qr_code for user_id=975 -> /uploads/qrcodes/127677200001.png
[2025-10-18 16:12:39] reuse /uploads/qrcodes/127677200028.png
[2025-10-18 16:12:39] wrote qr_code for user_id=976 -> /uploads/qrcodes/127677200028.png
[2025-10-18 16:12:39] reuse /uploads/qrcodes/127677200011.png
[2025-10-18 16:12:39] wrote qr_code for user_id=977 -> /uploads/qrcodes/127677200011.png
[2025-10-18 16:12:39] reuse /uploads/qrcodes/127677200003.png
[2025-10-18 16:12:39] wrote qr_code for user_id=978 -> /uploads/qrcodes/127677200003.png
[2025-10-18 16:12:39] reuse /uploads/qrcodes/127677200015.png
[2025-10-18 16:12:39] wrote qr_code for user_id=979 -> /uploads/qrcodes/127677200015.png
[2025-10-18 16:12:39] reuse /uploads/qrcodes/131273180258.png
[2025-10-18 16:12:39] wrote qr_code for user_id=980 -> /uploads/qrcodes/131273180258.png
[2025-10-18 16:12:39] reuse /uploads/qrcodes/127677200017.png
[2025-10-18 16:12:39] wrote qr_code for user_id=981 -> /uploads/qrcodes/127677200017.png
[2025-10-18 16:12:39] reuse /uploads/qrcodes/127942200402.png
[2025-10-18 16:12:39] wrote qr_code for user_id=982 -> /uploads/qrcodes/127942200402.png
[2025-10-18 16:12:39] reuse /uploads/qrcodes/127677200022.png
[2025-10-18 16:12:39] wrote qr_code for user_id=983 -> /uploads/qrcodes/127677200022.png
[2025-10-18 19:49:44] generated /uploads/qrcodes/344545565556.png
[2025-10-18 19:51:18] reuse /uploads/qrcodes/344545565556.png
[2025-10-18 19:51:38] reuse /uploads/qrcodes/500341200080.png
[2025-10-18 19:51:38] reuse /uploads/qrcodes/127677200009.png
[2025-10-18 19:51:38] reuse /uploads/qrcodes/127677200019.png
[2025-10-18 19:51:38] reuse /uploads/qrcodes/127677200012.png
[2025-10-18 19:51:38] reuse /uploads/qrcodes/127677200020.png
[2025-10-18 19:51:38] reuse /uploads/qrcodes/127677200021.png
[2025-10-18 19:51:38] reuse /uploads/qrcodes/136611200140.png
[2025-10-18 19:51:38] reuse /uploads/qrcodes/127677200007.png
[2025-10-18 19:51:38] reuse /uploads/qrcodes/127677200014.png
[2025-10-18 19:51:38] reuse /uploads/qrcodes/128094200110.png
[2025-10-18 19:51:38] reuse /uploads/qrcodes/128094200107.png
[2025-10-18 19:51:38] reuse /uploads/qrcodes/501880200016.png
[2025-10-18 19:51:38] reuse /uploads/qrcodes/127677200076.png
[2025-10-18 19:51:38] reuse /uploads/qrcodes/127677200005.png
[2025-10-18 19:51:38] reuse /uploads/qrcodes/127677190053.png
[2025-10-18 19:51:38] reuse /uploads/qrcodes/127677200051.png
[2025-10-18 19:51:38] reuse /uploads/qrcodes/127677200013.png
[2025-10-18 19:51:38] reuse /uploads/qrcodes/127671200196.png
[2025-10-18 19:51:38] reuse /uploads/qrcodes/127677200053.png
[2025-10-18 19:51:38] reuse /uploads/qrcodes/127582200066.png
[2025-10-18 19:51:38] reuse /uploads/qrcodes/127677200073.png
[2025-10-18 19:51:38] reuse /uploads/qrcodes/501927200030.png
[2025-10-18 19:51:38] reuse /uploads/qrcodes/127677200010.png
[2025-10-18 19:51:38] reuse /uploads/qrcodes/127671190159.png
[2025-10-18 19:51:38] reuse /uploads/qrcodes/127677200024.png
[2025-10-18 19:51:38] reuse /uploads/qrcodes/127677200023.png
[2025-10-18 19:51:38] reuse /uploads/qrcodes/127677200001.png
[2025-10-18 19:51:38] reuse /uploads/qrcodes/127677200028.png
[2025-10-18 19:51:38] reuse /uploads/qrcodes/127677200011.png
[2025-10-18 19:51:38] reuse /uploads/qrcodes/127677200003.png
[2025-10-18 19:51:38] reuse /uploads/qrcodes/127677200015.png
[2025-10-18 19:51:38] reuse /uploads/qrcodes/131273180258.png
[2025-10-18 19:51:38] reuse /uploads/qrcodes/127677200017.png
[2025-10-18 19:51:38] reuse /uploads/qrcodes/127942200402.png
[2025-10-18 19:51:38] reuse /uploads/qrcodes/127677200022.png
[2025-10-18 19:55:23] generated /uploads/qrcodes/127677210002.png
[2025-10-18 19:55:24] generated /uploads/qrcodes/127676210043.png
[2025-10-18 19:55:24] generated /uploads/qrcodes/127913210025.png
[2025-10-18 19:55:24] generated /uploads/qrcodes/127677210058.png
[2025-10-18 19:55:24] generated /uploads/qrcodes/127677210005.png
[2025-10-18 19:55:24] generated /uploads/qrcodes/127677210059.png
[2025-10-18 19:55:24] generated /uploads/qrcodes/127677210025.png
[2025-10-18 19:55:24] generated /uploads/qrcodes/121135210100.png
[2025-10-18 19:55:24] generated /uploads/qrcodes/127677210024.png
[2025-10-18 19:55:24] generated /uploads/qrcodes/127677210052.png
[2025-10-18 19:55:24] generated /uploads/qrcodes/127677210007.png
[2025-10-18 19:55:24] generated /uploads/qrcodes/127677210026.png
[2025-10-18 19:55:24] generated /uploads/qrcodes/127677210008.png
[2025-10-18 19:55:24] generated /uploads/qrcodes/127677210040.png
[2025-10-18 19:55:24] generated /uploads/qrcodes/127677210041.png
[2025-10-18 19:55:24] generated /uploads/qrcodes/127677210068.png
[2025-10-18 19:55:24] generated /uploads/qrcodes/127677210045.png
[2025-10-18 19:55:24] generated /uploads/qrcodes/119893210858.png
[2025-10-18 19:55:25] generated /uploads/qrcodes/127677210011.png
[2025-10-18 19:55:25] generated /uploads/qrcodes/127677210012.png
[2025-10-18 19:55:25] generated /uploads/qrcodes/127968210024.png
[2025-10-18 19:55:25] generated /uploads/qrcodes/127677210063.png
[2025-10-18 19:55:25] generated /uploads/qrcodes/127677210015.png
[2025-10-18 19:55:25] generated /uploads/qrcodes/127677210035.png
[2025-10-18 19:55:25] generated /uploads/qrcodes/127677210062.png
[2025-10-18 19:55:25] generated /uploads/qrcodes/127677210046.png
[2025-10-18 19:55:25] generated /uploads/qrcodes/500703200047.png
[2025-10-18 19:55:25] generated /uploads/qrcodes/127677210016.png
[2025-10-18 19:55:25] generated /uploads/qrcodes/127677210061.png
[2025-10-18 19:55:25] generated /uploads/qrcodes/127677210017.png
[2025-10-18 19:55:25] generated /uploads/qrcodes/127677210065.png
[2025-10-18 19:55:25] generated /uploads/qrcodes/127677210055.png
[2025-10-18 19:55:25] generated /uploads/qrcodes/127754210009.png
[2025-10-18 20:06:46] reuse /uploads/qrcodes/500341200080.png
[2025-10-18 20:06:46] reuse /uploads/qrcodes/127677200009.png
[2025-10-18 20:06:46] reuse /uploads/qrcodes/127677200019.png
[2025-10-18 20:06:46] reuse /uploads/qrcodes/127677200012.png
[2025-10-18 20:06:46] reuse /uploads/qrcodes/127677200020.png
[2025-10-18 20:06:46] reuse /uploads/qrcodes/127677200021.png
[2025-10-18 20:06:46] reuse /uploads/qrcodes/136611200140.png
[2025-10-18 20:06:46] reuse /uploads/qrcodes/127677200007.png
[2025-10-18 20:06:46] reuse /uploads/qrcodes/127677200014.png
[2025-10-18 20:06:46] reuse /uploads/qrcodes/128094200110.png
[2025-10-18 20:06:46] reuse /uploads/qrcodes/128094200107.png
[2025-10-18 20:06:46] reuse /uploads/qrcodes/501880200016.png
[2025-10-18 20:06:46] reuse /uploads/qrcodes/127677200076.png
[2025-10-18 20:06:46] reuse /uploads/qrcodes/127677200005.png
[2025-10-18 20:06:46] reuse /uploads/qrcodes/127677190053.png
[2025-10-18 20:06:46] reuse /uploads/qrcodes/127677200051.png
[2025-10-18 20:06:46] reuse /uploads/qrcodes/127677200013.png
[2025-10-18 20:06:46] reuse /uploads/qrcodes/127671200196.png
[2025-10-18 20:06:46] reuse /uploads/qrcodes/127677200053.png
[2025-10-18 20:06:46] reuse /uploads/qrcodes/127582200066.png
[2025-10-18 20:06:46] reuse /uploads/qrcodes/127677200073.png
[2025-10-18 20:06:46] reuse /uploads/qrcodes/501927200030.png
[2025-10-18 20:06:46] reuse /uploads/qrcodes/127677200010.png
[2025-10-18 20:06:46] reuse /uploads/qrcodes/127671190159.png
[2025-10-18 20:06:46] reuse /uploads/qrcodes/127677200024.png
[2025-10-18 20:06:46] reuse /uploads/qrcodes/127677200023.png
[2025-10-18 20:06:46] reuse /uploads/qrcodes/127677200001.png
[2025-10-18 20:06:46] reuse /uploads/qrcodes/127677200028.png
[2025-10-18 20:06:46] reuse /uploads/qrcodes/127677200011.png
[2025-10-18 20:06:46] reuse /uploads/qrcodes/127677200003.png
[2025-10-18 20:06:46] reuse /uploads/qrcodes/127677200015.png
[2025-10-18 20:06:46] reuse /uploads/qrcodes/131273180258.png
[2025-10-18 20:06:46] reuse /uploads/qrcodes/127677200017.png
[2025-10-18 20:06:46] reuse /uploads/qrcodes/127942200402.png
[2025-10-18 20:06:46] reuse /uploads/qrcodes/127677200022.png
[2025-10-18 20:12:14] reuse /uploads/qrcodes/127677210002.png
[2025-10-18 20:12:14] reuse /uploads/qrcodes/127676210043.png
[2025-10-18 20:12:14] reuse /uploads/qrcodes/127913210025.png
[2025-10-18 20:12:14] reuse /uploads/qrcodes/127677210058.png
[2025-10-18 20:12:14] reuse /uploads/qrcodes/127677210005.png
[2025-10-18 20:12:14] reuse /uploads/qrcodes/127677210059.png
[2025-10-18 20:12:14] reuse /uploads/qrcodes/127677210025.png
[2025-10-18 20:12:14] reuse /uploads/qrcodes/121135210100.png
[2025-10-18 20:12:14] reuse /uploads/qrcodes/127677210024.png
[2025-10-18 20:12:14] reuse /uploads/qrcodes/127677210052.png
[2025-10-18 20:12:14] reuse /uploads/qrcodes/127677210007.png
[2025-10-18 20:12:14] reuse /uploads/qrcodes/127677210026.png
[2025-10-18 20:12:14] reuse /uploads/qrcodes/127677210008.png
[2025-10-18 20:12:14] reuse /uploads/qrcodes/127677210040.png
[2025-10-18 20:12:14] reuse /uploads/qrcodes/127677210041.png
[2025-10-18 20:12:14] reuse /uploads/qrcodes/127677210068.png
[2025-10-18 20:12:14] reuse /uploads/qrcodes/127677210045.png
[2025-10-18 20:12:14] reuse /uploads/qrcodes/119893210858.png
[2025-10-18 20:12:14] reuse /uploads/qrcodes/127677210011.png
[2025-10-18 20:12:14] reuse /uploads/qrcodes/127677210012.png
[2025-10-18 20:12:14] reuse /uploads/qrcodes/127968210024.png
[2025-10-18 20:12:14] reuse /uploads/qrcodes/127677210063.png
[2025-10-18 20:12:14] reuse /uploads/qrcodes/127677210015.png
[2025-10-18 20:12:14] reuse /uploads/qrcodes/127677210035.png
[2025-10-18 20:12:14] reuse /uploads/qrcodes/127677210062.png
[2025-10-18 20:12:14] reuse /uploads/qrcodes/127677210046.png
[2025-10-18 20:12:14] reuse /uploads/qrcodes/500703200047.png
[2025-10-18 20:12:14] reuse /uploads/qrcodes/127677210016.png
[2025-10-18 20:12:14] reuse /uploads/qrcodes/127677210061.png
[2025-10-18 20:12:14] reuse /uploads/qrcodes/127677210017.png
[2025-10-18 20:12:14] reuse /uploads/qrcodes/127677210065.png
[2025-10-18 20:12:14] reuse /uploads/qrcodes/127677210055.png
[2025-10-18 20:12:14] reuse /uploads/qrcodes/127754210009.png
[2025-10-18 20:18:12] reuse /uploads/qrcodes/500341200080.png
[2025-10-18 20:21:18] reuse /uploads/qrcodes/500341200080.png
[2025-10-18 20:21:18] reuse /uploads/qrcodes/127677200009.png
[2025-10-18 20:21:18] reuse /uploads/qrcodes/127677200019.png
[2025-10-18 20:21:18] reuse /uploads/qrcodes/127677200012.png
[2025-10-18 20:21:18] reuse /uploads/qrcodes/127677200020.png
[2025-10-18 20:21:18] reuse /uploads/qrcodes/127677200021.png
[2025-10-18 20:21:18] reuse /uploads/qrcodes/136611200140.png
[2025-10-18 20:21:18] reuse /uploads/qrcodes/127677200007.png
[2025-10-18 20:21:18] reuse /uploads/qrcodes/127677200014.png
[2025-10-18 20:21:18] reuse /uploads/qrcodes/128094200110.png
[2025-10-18 20:21:18] reuse /uploads/qrcodes/128094200107.png
[2025-10-18 20:21:18] reuse /uploads/qrcodes/501880200016.png
[2025-10-18 20:21:18] reuse /uploads/qrcodes/127677200076.png
[2025-10-18 20:21:18] reuse /uploads/qrcodes/127677200005.png
[2025-10-18 20:21:18] reuse /uploads/qrcodes/127677190053.png
[2025-10-18 20:21:18] reuse /uploads/qrcodes/127677200051.png
[2025-10-18 20:21:18] reuse /uploads/qrcodes/127677200013.png
[2025-10-18 20:21:18] reuse /uploads/qrcodes/127671200196.png
[2025-10-18 20:21:18] reuse /uploads/qrcodes/127677200053.png
[2025-10-18 20:21:18] reuse /uploads/qrcodes/127582200066.png
[2025-10-18 20:21:18] reuse /uploads/qrcodes/127677200073.png
[2025-10-18 20:21:18] reuse /uploads/qrcodes/501927200030.png
[2025-10-18 20:21:18] reuse /uploads/qrcodes/127677200010.png
[2025-10-18 20:21:18] reuse /uploads/qrcodes/127671190159.png
[2025-10-18 20:21:18] reuse /uploads/qrcodes/127677200024.png
[2025-10-18 20:21:18] reuse /uploads/qrcodes/127677200023.png
[2025-10-18 20:21:18] reuse /uploads/qrcodes/127677200001.png
[2025-10-18 20:21:18] reuse /uploads/qrcodes/127677200028.png
[2025-10-18 20:21:18] reuse /uploads/qrcodes/127677200011.png
[2025-10-18 20:21:18] reuse /uploads/qrcodes/127677200003.png
[2025-10-18 20:21:18] reuse /uploads/qrcodes/127677200015.png
[2025-10-18 20:21:18] reuse /uploads/qrcodes/131273180258.png
[2025-10-18 20:21:18] reuse /uploads/qrcodes/127677200017.png
[2025-10-18 20:21:18] reuse /uploads/qrcodes/127942200402.png
[2025-10-18 20:21:18] reuse /uploads/qrcodes/127677200022.png
[2025-10-18 20:23:12] generated /uploads/qrcodes/127677210067.png
[2025-10-18 20:23:12] generated /uploads/qrcodes/127677210018.png
[2025-10-18 20:23:12] generated /uploads/qrcodes/127940210592.png
[2025-10-18 20:23:12] generated /uploads/qrcodes/127677210021.png
[2025-10-18 20:23:12] generated /uploads/qrcodes/127677210001.png
[2025-10-18 20:23:13] generated /uploads/qrcodes/127677210003.png
[2025-10-18 20:23:13] generated /uploads/qrcodes/127677210064.png
[2025-10-18 20:23:13] generated /uploads/qrcodes/127677210004.png
[2025-10-18 20:23:13] generated /uploads/qrcodes/127677210023.png
[2025-10-18 20:23:13] generated /uploads/qrcodes/127755210005.png
[2025-10-18 20:23:13] generated /uploads/qrcodes/127677210037.png
[2025-10-18 20:23:13] generated /uploads/qrcodes/127675210024.png
[2025-10-18 20:23:13] generated /uploads/qrcodes/127677210038.png
[2025-10-18 20:23:13] generated /uploads/qrcodes/127671200155.png
[2025-10-18 20:23:13] generated /uploads/qrcodes/127677210060.png
[2025-10-18 20:23:13] generated /uploads/qrcodes/127677210057.png
[2025-10-18 20:23:13] generated /uploads/qrcodes/127677210009.png
[2025-10-18 20:23:13] generated /uploads/qrcodes/127677210042.png
[2025-10-18 20:23:13] generated /uploads/qrcodes/127677210044.png
[2025-10-18 20:23:13] generated /uploads/qrcodes/117943210015.png
[2025-10-18 20:23:13] generated /uploads/qrcodes/127677200056.png
[2025-10-18 20:23:13] generated /uploads/qrcodes/127677210066.png
[2025-10-18 20:23:14] generated /uploads/qrcodes/127677210029.png
[2025-10-18 20:23:14] generated /uploads/qrcodes/501518210117.png
[2025-10-18 20:23:14] generated /uploads/qrcodes/127677210031.png
[2025-10-18 20:23:14] generated /uploads/qrcodes/127677200072.png
[2025-10-18 20:23:14] generated /uploads/qrcodes/127677210033.png
[2025-10-18 20:23:14] generated /uploads/qrcodes/127677210034.png
[2025-10-18 20:23:14] generated /uploads/qrcodes/127677210047.png
[2025-10-18 20:23:14] generated /uploads/qrcodes/127677210048.png
[2025-10-18 20:23:14] generated /uploads/qrcodes/127677210049.png
[2025-10-18 20:23:14] generated /uploads/qrcodes/127677210050.png
[2025-10-18 20:23:14] generated /uploads/qrcodes/127677210051.png
[2025-10-18 20:24:12] reuse /uploads/qrcodes/127677210067.png
[2025-10-18 20:24:12] reuse /uploads/qrcodes/127677210018.png
[2025-10-18 20:24:12] reuse /uploads/qrcodes/127940210592.png
[2025-10-18 20:24:12] reuse /uploads/qrcodes/127677210021.png
[2025-10-18 20:24:12] reuse /uploads/qrcodes/127677210001.png
[2025-10-18 20:24:12] reuse /uploads/qrcodes/127677210003.png
[2025-10-18 20:24:12] reuse /uploads/qrcodes/127677210064.png
[2025-10-18 20:24:12] reuse /uploads/qrcodes/127677210004.png
[2025-10-18 20:24:12] reuse /uploads/qrcodes/127677210023.png
[2025-10-18 20:24:12] reuse /uploads/qrcodes/127755210005.png
[2025-10-18 20:24:12] reuse /uploads/qrcodes/127677210037.png
[2025-10-18 20:24:12] reuse /uploads/qrcodes/127675210024.png
[2025-10-18 20:24:12] reuse /uploads/qrcodes/127677210038.png
[2025-10-18 20:24:12] reuse /uploads/qrcodes/127671200155.png
[2025-10-18 20:24:12] reuse /uploads/qrcodes/127677210060.png
[2025-10-18 20:24:12] reuse /uploads/qrcodes/127677210057.png
[2025-10-18 20:24:12] reuse /uploads/qrcodes/127677210009.png
[2025-10-18 20:24:12] reuse /uploads/qrcodes/127677210042.png
[2025-10-18 20:24:12] reuse /uploads/qrcodes/127677210044.png
[2025-10-18 20:24:12] reuse /uploads/qrcodes/117943210015.png
[2025-10-18 20:24:12] reuse /uploads/qrcodes/127677200056.png
[2025-10-18 20:24:12] reuse /uploads/qrcodes/127677210066.png
[2025-10-18 20:24:12] reuse /uploads/qrcodes/127677210029.png
[2025-10-18 20:24:12] reuse /uploads/qrcodes/501518210117.png
[2025-10-18 20:24:12] reuse /uploads/qrcodes/127677210031.png
[2025-10-18 20:24:12] reuse /uploads/qrcodes/127677200072.png
[2025-10-18 20:24:12] reuse /uploads/qrcodes/127677210033.png
[2025-10-18 20:24:12] reuse /uploads/qrcodes/127677210034.png
[2025-10-18 20:24:12] reuse /uploads/qrcodes/127677210047.png
[2025-10-18 20:24:12] reuse /uploads/qrcodes/127677210048.png
[2025-10-18 20:24:12] reuse /uploads/qrcodes/127677210049.png
[2025-10-18 20:24:12] reuse /uploads/qrcodes/127677210050.png
[2025-10-18 20:24:12] reuse /uploads/qrcodes/127677210051.png
[2025-10-18 20:25:25] reuse /uploads/qrcodes/127677210067.png
[2025-10-18 20:25:25] reuse /uploads/qrcodes/127677210018.png
[2025-10-18 20:25:25] reuse /uploads/qrcodes/127940210592.png
[2025-10-18 20:25:25] reuse /uploads/qrcodes/127677210021.png
[2025-10-18 20:25:25] reuse /uploads/qrcodes/127677210001.png
[2025-10-18 20:25:25] reuse /uploads/qrcodes/127677210003.png
[2025-10-18 20:25:25] reuse /uploads/qrcodes/127677210064.png
[2025-10-18 20:25:25] reuse /uploads/qrcodes/127677210004.png
[2025-10-18 20:25:25] reuse /uploads/qrcodes/127677210023.png
[2025-10-18 20:25:25] reuse /uploads/qrcodes/127755210005.png
[2025-10-18 20:25:25] reuse /uploads/qrcodes/127677210037.png
[2025-10-18 20:25:25] reuse /uploads/qrcodes/127675210024.png
[2025-10-18 20:25:25] reuse /uploads/qrcodes/127677210038.png
[2025-10-18 20:25:25] reuse /uploads/qrcodes/127671200155.png
[2025-10-18 20:25:25] reuse /uploads/qrcodes/127677210060.png
[2025-10-18 20:25:25] reuse /uploads/qrcodes/127677210057.png
[2025-10-18 20:25:25] reuse /uploads/qrcodes/127677210009.png
[2025-10-18 20:25:25] reuse /uploads/qrcodes/127677210042.png
[2025-10-18 20:25:25] reuse /uploads/qrcodes/127677210044.png
[2025-10-18 20:25:25] reuse /uploads/qrcodes/117943210015.png
[2025-10-18 20:25:25] reuse /uploads/qrcodes/127677200056.png
[2025-10-18 20:25:25] reuse /uploads/qrcodes/127677210066.png
[2025-10-18 20:25:25] reuse /uploads/qrcodes/127677210029.png
[2025-10-18 20:25:25] reuse /uploads/qrcodes/501518210117.png
[2025-10-18 20:25:25] reuse /uploads/qrcodes/127677210031.png
[2025-10-18 20:25:25] reuse /uploads/qrcodes/127677200072.png
[2025-10-18 20:25:25] reuse /uploads/qrcodes/127677210033.png
[2025-10-18 20:25:25] reuse /uploads/qrcodes/127677210034.png
[2025-10-18 20:25:25] reuse /uploads/qrcodes/127677210047.png
[2025-10-18 20:25:25] reuse /uploads/qrcodes/127677210048.png
[2025-10-18 20:25:25] reuse /uploads/qrcodes/127677210049.png
[2025-10-18 20:25:25] reuse /uploads/qrcodes/127677210050.png
[2025-10-18 20:25:25] reuse /uploads/qrcodes/127677210051.png
[2025-10-18 20:27:21] reuse /uploads/qrcodes/500341200080.png
[2025-10-18 20:27:22] reuse /uploads/qrcodes/127677200009.png
[2025-10-18 20:27:22] reuse /uploads/qrcodes/127677200019.png
[2025-10-18 20:27:22] reuse /uploads/qrcodes/127677200012.png
[2025-10-18 20:27:22] reuse /uploads/qrcodes/127677200020.png
[2025-10-18 20:27:22] reuse /uploads/qrcodes/127677200021.png
[2025-10-18 20:27:22] reuse /uploads/qrcodes/136611200140.png
[2025-10-18 20:27:22] reuse /uploads/qrcodes/127677200007.png
[2025-10-18 20:27:22] reuse /uploads/qrcodes/127677200014.png
[2025-10-18 20:27:22] reuse /uploads/qrcodes/128094200110.png
[2025-10-18 20:27:22] reuse /uploads/qrcodes/128094200107.png
[2025-10-18 20:27:22] reuse /uploads/qrcodes/501880200016.png
[2025-10-18 20:27:22] reuse /uploads/qrcodes/127677200076.png
[2025-10-18 20:27:22] reuse /uploads/qrcodes/127677200005.png
[2025-10-18 20:27:22] reuse /uploads/qrcodes/127677190053.png
[2025-10-18 20:27:22] reuse /uploads/qrcodes/127677200051.png
[2025-10-18 20:27:22] reuse /uploads/qrcodes/127677200013.png
[2025-10-18 20:27:22] reuse /uploads/qrcodes/127671200196.png
[2025-10-18 20:27:22] reuse /uploads/qrcodes/127677200053.png
[2025-10-18 20:27:22] reuse /uploads/qrcodes/127582200066.png
[2025-10-18 20:27:23] reuse /uploads/qrcodes/127677200073.png
[2025-10-18 20:27:23] reuse /uploads/qrcodes/501927200030.png
[2025-10-18 20:27:23] reuse /uploads/qrcodes/127677200010.png
[2025-10-18 20:27:23] reuse /uploads/qrcodes/127671190159.png
[2025-10-18 20:27:23] reuse /uploads/qrcodes/127677200024.png
[2025-10-18 20:27:23] reuse /uploads/qrcodes/127677200023.png
[2025-10-18 20:27:23] reuse /uploads/qrcodes/127677200001.png
[2025-10-18 20:27:23] reuse /uploads/qrcodes/127677200028.png
[2025-10-18 20:27:23] reuse /uploads/qrcodes/127677200011.png
[2025-10-18 20:27:23] reuse /uploads/qrcodes/127677200003.png
[2025-10-18 20:27:23] reuse /uploads/qrcodes/127677200015.png
[2025-10-18 20:27:23] reuse /uploads/qrcodes/131273180258.png
[2025-10-18 20:27:23] reuse /uploads/qrcodes/127677200017.png
[2025-10-18 20:27:23] reuse /uploads/qrcodes/127942200402.png
[2025-10-18 20:27:23] reuse /uploads/qrcodes/127677200022.png
[2025-10-18 20:27:56] reuse /uploads/qrcodes/500341200080.png
[2025-10-18 20:27:56] reuse /uploads/qrcodes/127677200009.png
[2025-10-18 20:27:56] reuse /uploads/qrcodes/127677200019.png
[2025-10-18 20:27:56] reuse /uploads/qrcodes/127677200012.png
[2025-10-18 20:27:56] reuse /uploads/qrcodes/127677200020.png
[2025-10-18 20:27:56] reuse /uploads/qrcodes/127677200021.png
[2025-10-18 20:27:56] reuse /uploads/qrcodes/136611200140.png
[2025-10-18 20:27:56] reuse /uploads/qrcodes/127677200007.png
[2025-10-18 20:27:56] reuse /uploads/qrcodes/127677200014.png
[2025-10-18 20:27:56] reuse /uploads/qrcodes/128094200110.png
[2025-10-18 20:27:56] reuse /uploads/qrcodes/128094200107.png
[2025-10-18 20:27:56] reuse /uploads/qrcodes/501880200016.png
[2025-10-18 20:27:56] reuse /uploads/qrcodes/127677200076.png
[2025-10-18 20:27:56] reuse /uploads/qrcodes/127677200005.png
[2025-10-18 20:27:56] reuse /uploads/qrcodes/127677190053.png
[2025-10-18 20:27:56] reuse /uploads/qrcodes/127677200051.png
[2025-10-18 20:27:56] reuse /uploads/qrcodes/127677200013.png
[2025-10-18 20:27:56] reuse /uploads/qrcodes/127671200196.png
[2025-10-18 20:27:56] reuse /uploads/qrcodes/127677200053.png
[2025-10-18 20:27:56] reuse /uploads/qrcodes/127582200066.png
[2025-10-18 20:27:56] reuse /uploads/qrcodes/127677200073.png
[2025-10-18 20:27:56] reuse /uploads/qrcodes/501927200030.png
[2025-10-18 20:27:56] reuse /uploads/qrcodes/127677200010.png
[2025-10-18 20:27:56] reuse /uploads/qrcodes/127671190159.png
[2025-10-18 20:27:56] reuse /uploads/qrcodes/127677200024.png
[2025-10-18 20:27:56] reuse /uploads/qrcodes/127677200023.png
[2025-10-18 20:27:56] reuse /uploads/qrcodes/127677200001.png
[2025-10-18 20:27:56] reuse /uploads/qrcodes/127677200028.png
[2025-10-18 20:27:56] reuse /uploads/qrcodes/127677200011.png
[2025-10-18 20:27:56] reuse /uploads/qrcodes/127677200003.png
[2025-10-18 20:27:56] reuse /uploads/qrcodes/127677200015.png
[2025-10-18 20:27:56] reuse /uploads/qrcodes/131273180258.png
[2025-10-18 20:27:56] reuse /uploads/qrcodes/127677200017.png
[2025-10-18 20:27:56] reuse /uploads/qrcodes/127942200402.png
[2025-10-18 20:27:56] reuse /uploads/qrcodes/127677200022.png
[2025-10-18 20:29:01] reuse /uploads/qrcodes/344545565556.png
[2025-10-18 20:34:41] reuse /uploads/qrcodes/344545565556.png
[2025-10-18 20:35:09] reuse /uploads/qrcodes/344545565556.png
[2025-10-18 20:38:40] reuse /uploads/qrcodes/344545565556.png
[2025-10-18 20:43:19] reuse /uploads/qrcodes/344545565556.png
[2025-10-18 21:20:58] reuse /uploads/qrcodes/344545565556.png
[2025-10-18 21:27:25] reuse /uploads/qrcodes/344545565556.png
[2025-10-18 21:28:19] reuse /uploads/qrcodes/344545565556.png
[2025-10-18 21:29:44] reuse /uploads/qrcodes/127677210068.png
[2025-10-18 21:30:38] reuse /uploads/qrcodes/127677240001.png
[2025-10-18 21:30:38] reuse /uploads/qrcodes/127677240002.png
[2025-10-18 21:30:38] reuse /uploads/qrcodes/127677240004.png
[2025-10-18 21:30:38] reuse /uploads/qrcodes/127677240003.png
[2025-10-18 21:30:38] reuse /uploads/qrcodes/127677240026.png
[2025-10-18 21:30:38] reuse /uploads/qrcodes/126642240080.png
[2025-10-18 21:30:38] reuse /uploads/qrcodes/127677240011.png
[2025-10-18 21:30:38] reuse /uploads/qrcodes/127677240033.png
[2025-10-18 21:30:38] reuse /uploads/qrcodes/127677240052.png
[2025-10-18 21:30:38] reuse /uploads/qrcodes/127677240036.png
[2025-10-18 21:30:38] reuse /uploads/qrcodes/127677240038.png
[2025-10-18 21:30:38] reuse /uploads/qrcodes/127677240013.png
[2025-10-18 21:30:39] reuse /uploads/qrcodes/127677240039.png
[2025-10-18 21:30:39] reuse /uploads/qrcodes/127677240015.png
[2025-10-18 21:30:39] reuse /uploads/qrcodes/127677240017.png
[2025-10-18 21:30:39] reuse /uploads/qrcodes/127677240041.png
[2025-10-18 21:30:39] reuse /uploads/qrcodes/127677240042.png
[2025-10-18 21:30:39] reuse /uploads/qrcodes/127677240044.png
[2025-10-18 21:30:39] reuse /uploads/qrcodes/127677240018.png
[2025-10-18 21:30:39] reuse /uploads/qrcodes/127677240019.png
[2025-10-18 21:30:39] reuse /uploads/qrcodes/127677240045.png
[2025-10-18 21:30:39] reuse /uploads/qrcodes/127677240046.png
[2025-10-18 21:30:39] reuse /uploads/qrcodes/127677240021.png
[2025-10-18 21:30:39] reuse /uploads/qrcodes/127677240047.png
[2025-10-18 21:30:39] reuse /uploads/qrcodes/127677240048.png
[2025-10-18 21:30:39] reuse /uploads/qrcodes/127677240022.png
[2025-10-18 21:55:23] reuse /uploads/qrcodes/127677210068.png
[2025-10-19 13:40:30] reuse /uploads/qrcodes/127677240024.png
[2025-10-19 13:40:30] reuse /uploads/qrcodes/127677240005.png
[2025-10-19 13:40:31] reuse /uploads/qrcodes/127677240023.png
[2025-10-19 13:40:31] reuse /uploads/qrcodes/127677240006.png
[2025-10-19 13:40:31] reuse /uploads/qrcodes/127677240027.png
[2025-10-19 13:40:31] reuse /uploads/qrcodes/127677240007.png
[2025-10-19 13:40:32] reuse /uploads/qrcodes/127677240008.png
[2025-10-19 13:40:32] reuse /uploads/qrcodes/127677240049.png
[2025-10-19 13:40:32] reuse /uploads/qrcodes/127677240028.png
[2025-10-19 13:40:32] reuse /uploads/qrcodes/127677240009.png
[2025-10-19 13:40:32] reuse /uploads/qrcodes/127677240010.png
[2025-10-19 13:40:33] reuse /uploads/qrcodes/127677240029.png
[2025-10-19 13:40:33] reuse /uploads/qrcodes/127677240032.png
[2025-10-19 13:40:33] reuse /uploads/qrcodes/127677240034.png
[2025-10-19 13:40:33] reuse /uploads/qrcodes/127677240012.png
[2025-10-19 13:40:34] reuse /uploads/qrcodes/126642230164.png
[2025-10-19 13:40:34] reuse /uploads/qrcodes/127677240037.png
[2025-10-19 13:40:34] reuse /uploads/qrcodes/127677240053.png
[2025-10-19 13:40:34] reuse /uploads/qrcodes/127677240040.png
[2025-10-19 13:40:34] reuse /uploads/qrcodes/127677240014.png
[2025-10-19 13:40:35] reuse /uploads/qrcodes/127677240016.png
[2025-10-19 13:40:35] reuse /uploads/qrcodes/127677240043.png
[2025-10-19 13:40:35] reuse /uploads/qrcodes/127677240020.png
[2025-10-19 13:40:35] reuse /uploads/qrcodes/127677240024.png
[2025-10-19 13:40:35] reuse /uploads/qrcodes/127677240005.png
[2025-10-19 13:40:35] reuse /uploads/qrcodes/127677240023.png
[2025-10-19 13:40:35] reuse /uploads/qrcodes/127677240006.png
[2025-10-19 13:40:35] reuse /uploads/qrcodes/127677240027.png
[2025-10-19 13:40:35] reuse /uploads/qrcodes/127677240007.png
[2025-10-19 13:40:35] reuse /uploads/qrcodes/127677240008.png
[2025-10-19 13:40:35] reuse /uploads/qrcodes/127677240049.png
[2025-10-19 13:40:35] reuse /uploads/qrcodes/127677240028.png
[2025-10-19 13:40:35] reuse /uploads/qrcodes/127677240009.png
[2025-10-19 13:40:35] reuse /uploads/qrcodes/127677240010.png
[2025-10-19 13:40:35] reuse /uploads/qrcodes/127677240029.png
[2025-10-19 13:40:35] reuse /uploads/qrcodes/127677240032.png
[2025-10-19 13:40:35] reuse /uploads/qrcodes/127677240034.png
[2025-10-19 13:40:35] reuse /uploads/qrcodes/127677240012.png
[2025-10-19 13:40:35] reuse /uploads/qrcodes/126642230164.png
[2025-10-19 13:40:35] reuse /uploads/qrcodes/127677240037.png
[2025-10-19 13:40:35] reuse /uploads/qrcodes/127677240053.png
[2025-10-19 13:40:35] reuse /uploads/qrcodes/127677240040.png
[2025-10-19 13:40:35] reuse /uploads/qrcodes/127677240014.png
[2025-10-19 13:40:35] reuse /uploads/qrcodes/127677240016.png
[2025-10-19 13:40:35] reuse /uploads/qrcodes/127677240043.png
[2025-10-19 13:40:35] reuse /uploads/qrcodes/127677240020.png
[2025-10-19 13:45:59] reuse /uploads/qrcodes/127677240024.png
[2025-10-19 13:45:59] reuse /uploads/qrcodes/127677240005.png
[2025-10-19 13:45:59] reuse /uploads/qrcodes/127677240023.png
[2025-10-19 13:45:59] reuse /uploads/qrcodes/127677240006.png
[2025-10-19 13:45:59] reuse /uploads/qrcodes/127677240027.png
[2025-10-19 13:45:59] reuse /uploads/qrcodes/127677240007.png
[2025-10-19 13:45:59] reuse /uploads/qrcodes/127677240008.png
[2025-10-19 13:45:59] reuse /uploads/qrcodes/127677240049.png
[2025-10-19 13:45:59] reuse /uploads/qrcodes/127677240028.png
[2025-10-19 13:45:59] reuse /uploads/qrcodes/127677240009.png
[2025-10-19 13:45:59] reuse /uploads/qrcodes/127677240010.png
[2025-10-19 13:45:59] reuse /uploads/qrcodes/127677240029.png
[2025-10-19 13:45:59] reuse /uploads/qrcodes/127677240032.png
[2025-10-19 13:45:59] reuse /uploads/qrcodes/127677240034.png
[2025-10-19 13:45:59] reuse /uploads/qrcodes/127677240012.png
[2025-10-19 13:45:59] reuse /uploads/qrcodes/126642230164.png
[2025-10-19 13:45:59] reuse /uploads/qrcodes/127677240037.png
[2025-10-19 13:45:59] reuse /uploads/qrcodes/127677240053.png
[2025-10-19 13:45:59] reuse /uploads/qrcodes/127677240040.png
[2025-10-19 13:45:59] reuse /uploads/qrcodes/127677240014.png
[2025-10-19 13:45:59] reuse /uploads/qrcodes/127677240016.png
[2025-10-19 13:45:59] reuse /uploads/qrcodes/127677240043.png
[2025-10-19 13:45:59] reuse /uploads/qrcodes/127677240020.png
